<?xml version="1.0" encoding="UTF-8"?>
<robot generator="Robot 6.0.2 (Python 3.11.5 on darwin)" generated="20240129 13:53:25.495" rpa="false" schemaversion="3">
<suite id="s1" name="Search Content" source="/Users/robbydarmawan/Documents/Automation/Robby/Selenium-RobotFramework/tests/Search_Content.robot">
<test id="s1-t1" name="TC001 - Akses Goggle" line="8">
<kw name="search.page" library="page1">
<arg>Positive</arg>
<arg>Testing</arg>
<if>
<branch type="IF" condition="'${Kategori}' == 'Positive'">
<kw name="Open Browser App" library="config">
<kw name="Open Browser" library="Selenium2Library">
<arg>${APP_URL}</arg>
<arg>${BROWSER}</arg>
<doc>Opens a new browser instance to the optional ``url``.</doc>
<msg timestamp="20240129 13:53:25.575" level="INFO">Opening browser 'Chrome' to base url 'https://www.google.com/'.</msg>
<status status="PASS" starttime="20240129 13:53:25.574" endtime="20240129 13:53:27.927"/>
</kw>
<kw name="Sleep" library="BuiltIn">
<arg>5s</arg>
<doc>Pauses the test executed for the given time.</doc>
<msg timestamp="20240129 13:53:32.930" level="INFO">Slept 5 seconds</msg>
<status status="PASS" starttime="20240129 13:53:27.928" endtime="20240129 13:53:32.931"/>
</kw>
<status status="PASS" starttime="20240129 13:53:25.574" endtime="20240129 13:53:32.932"/>
</kw>
<kw name="home.search.form" library="page1">
<arg>${search.value}</arg>
<kw name="Wait Until Element Is Visible" library="Selenium2Library">
<arg>@{srch.form}</arg>
<doc>Waits until the element ``locator`` is visible.</doc>
<status status="PASS" starttime="20240129 13:53:32.935" endtime="20240129 13:53:32.967"/>
</kw>
<kw name="Input Text" library="Selenium2Library">
<arg>@{srch.form}</arg>
<arg>${search.value}</arg>
<doc>Types the given ``text`` into the text field identified by ``locator``.</doc>
<msg timestamp="20240129 13:53:32.968" level="INFO">Typing text 'Testing' into text field '//textarea[@id='APjFqb']'.</msg>
<status status="PASS" starttime="20240129 13:53:32.967" endtime="20240129 13:53:33.072"/>
</kw>
<kw name="Textarea Value Should Be" library="Selenium2Library">
<arg>@{srch.form}</arg>
<arg>${search.value}</arg>
<doc>Verifies text area ``locator`` has exactly text ``expected``.</doc>
<msg timestamp="20240129 13:53:33.083" level="INFO">Content of text area '//textarea[@id='APjFqb']' is 'Testing'.</msg>
<status status="PASS" starttime="20240129 13:53:33.072" endtime="20240129 13:53:33.083"/>
</kw>
<kw name="Sleep" library="BuiltIn">
<arg>7s</arg>
<doc>Pauses the test executed for the given time.</doc>
<msg timestamp="20240129 13:53:40.087" level="INFO">Slept 7 seconds</msg>
<status status="PASS" starttime="20240129 13:53:33.083" endtime="20240129 13:53:40.091"/>
</kw>
<status status="PASS" starttime="20240129 13:53:32.933" endtime="20240129 13:53:40.093"/>
</kw>
<status status="PASS" starttime="20240129 13:53:25.574" endtime="20240129 13:53:40.093"/>
</branch>
<branch type="ELSE">
<kw name="Log" library="BuiltIn">
<arg>Test</arg>
<doc>Logs the given message with the given level.</doc>
<status status="NOT RUN" starttime="20240129 13:53:40.094" endtime="20240129 13:53:40.094"/>
</kw>
<status status="NOT RUN" starttime="20240129 13:53:40.093" endtime="20240129 13:53:40.094"/>
</branch>
<status status="PASS" starttime="20240129 13:53:25.574" endtime="20240129 13:53:40.094"/>
</if>
<status status="PASS" starttime="20240129 13:53:25.574" endtime="20240129 13:53:40.094"/>
</kw>
<kw name="Close Browser" library="Selenium2Library" type="TEARDOWN">
<doc>Closes the current browser.</doc>
<status status="PASS" starttime="20240129 13:53:40.096" endtime="20240129 13:53:40.173"/>
</kw>
<status status="PASS" starttime="20240129 13:53:25.574" endtime="20240129 13:53:40.174"/>
</test>
<status status="PASS" starttime="20240129 13:53:25.497" endtime="20240129 13:53:40.174"/>
</suite>
<statistics>
<total>
<stat pass="1" fail="0" skip="0">All Tests</stat>
</total>
<tag>
</tag>
<suite>
<stat pass="1" fail="0" skip="0" id="s1" name="Search Content">Search Content</stat>
</suite>
</statistics>
<errors>
</errors>
</robot>
